CRITICAL - 2021-12-01 04:43:30 --> The framework needs the following extension(s) installed and loaded: intl.
#0 H:\xampp\htdocs\ci_cart_online\system\CodeIgniter.php(219): CodeIgniter\Exceptions\FrameworkException::forMissingExtension('intl')
#1 H:\xampp\htdocs\ci_cart_online\system\CodeIgniter.php(177): CodeIgniter\CodeIgniter->resolvePlatformExtensions()
#2 H:\xampp\htdocs\ci_cart_online\system\bootstrap.php(146): CodeIgniter\CodeIgniter->initialize()
#3 H:\xampp\htdocs\ci_cart_online\public\index.php(28): require('H:\\xampp\\htdocs...')
#4 {main}
CRITICAL - 2021-12-01 04:51:45 --> The framework needs the following extension(s) installed and loaded: intl.
#0 H:\xampp\htdocs\ci_cart_online\system\CodeIgniter.php(219): CodeIgniter\Exceptions\FrameworkException::forMissingExtension('intl')
#1 H:\xampp\htdocs\ci_cart_online\system\CodeIgniter.php(177): CodeIgniter\CodeIgniter->resolvePlatformExtensions()
#2 H:\xampp\htdocs\ci_cart_online\system\bootstrap.php(146): CodeIgniter\CodeIgniter->initialize()
#3 H:\xampp\htdocs\ci_cart_online\spark(45): require('H:\\xampp\\htdocs...')
#4 {main}
CRITICAL - 2021-12-01 02:18:41 --> Call to undefined function App\Controllers\get_menu()
#0 H:\xampp\htdocs\ci_cart_online\system\CodeIgniter.php(824): App\Controllers\Home->index()
#1 H:\xampp\htdocs\ci_cart_online\system\CodeIgniter.php(410): CodeIgniter\CodeIgniter->runController(Object(App\Controllers\Home))
#2 H:\xampp\htdocs\ci_cart_online\system\CodeIgniter.php(318): CodeIgniter\CodeIgniter->handleRequest(NULL, Object(Config\Cache), false)
#3 H:\xampp\htdocs\ci_cart_online\public\index.php(37): CodeIgniter\CodeIgniter->run()
#4 H:\xampp\htdocs\ci_cart_online\system\Commands\Server\rewrite.php(43): require_once('H:\\xampp\\htdocs...')
#5 {main}
CRITICAL - 2021-12-01 02:18:45 --> Call to undefined function App\Controllers\get_menu()
#0 H:\xampp\htdocs\ci_cart_online\system\CodeIgniter.php(824): App\Controllers\Home->index()
#1 H:\xampp\htdocs\ci_cart_online\system\CodeIgniter.php(410): CodeIgniter\CodeIgniter->runController(Object(App\Controllers\Home))
#2 H:\xampp\htdocs\ci_cart_online\system\CodeIgniter.php(318): CodeIgniter\CodeIgniter->handleRequest(NULL, Object(Config\Cache), false)
#3 H:\xampp\htdocs\ci_cart_online\public\index.php(37): CodeIgniter\CodeIgniter->run()
#4 H:\xampp\htdocs\ci_cart_online\system\Commands\Server\rewrite.php(43): require_once('H:\\xampp\\htdocs...')
#5 {main}
CRITICAL - 2021-12-01 02:28:48 --> syntax error, unexpected '->' (T_OBJECT_OPERATOR), expecting ')'
#0 H:\xampp\htdocs\ci_cart_online\system\Autoloader\Autoloader.php(241): CodeIgniter\Autoloader\Autoloader->includeFile('H:\\xampp\\htdocs...')
#1 H:\xampp\htdocs\ci_cart_online\system\Autoloader\Autoloader.php(219): CodeIgniter\Autoloader\Autoloader->loadInNamespace('App\\Controllers...')
#2 [internal function]: CodeIgniter\Autoloader\Autoloader->loadClass('App\\Controllers...')
#3 [internal function]: spl_autoload_call('App\\Controllers...')
#4 H:\xampp\htdocs\ci_cart_online\system\CodeIgniter.php(789): class_exists('\\App\\Controller...', true)
#5 H:\xampp\htdocs\ci_cart_online\system\CodeIgniter.php(397): CodeIgniter\CodeIgniter->startController()
#6 H:\xampp\htdocs\ci_cart_online\system\CodeIgniter.php(318): CodeIgniter\CodeIgniter->handleRequest(NULL, Object(Config\Cache), false)
#7 H:\xampp\htdocs\ci_cart_online\public\index.php(37): CodeIgniter\CodeIgniter->run()
#8 H:\xampp\htdocs\ci_cart_online\system\Commands\Server\rewrite.php(43): require_once('H:\\xampp\\htdocs...')
#9 {main}
CRITICAL - 2021-12-01 02:28:49 --> syntax error, unexpected '->' (T_OBJECT_OPERATOR), expecting ')'
#0 H:\xampp\htdocs\ci_cart_online\system\Autoloader\Autoloader.php(241): CodeIgniter\Autoloader\Autoloader->includeFile('H:\\xampp\\htdocs...')
#1 H:\xampp\htdocs\ci_cart_online\system\Autoloader\Autoloader.php(219): CodeIgniter\Autoloader\Autoloader->loadInNamespace('App\\Controllers...')
#2 [internal function]: CodeIgniter\Autoloader\Autoloader->loadClass('App\\Controllers...')
#3 [internal function]: spl_autoload_call('App\\Controllers...')
#4 H:\xampp\htdocs\ci_cart_online\system\CodeIgniter.php(789): class_exists('\\App\\Controller...', true)
#5 H:\xampp\htdocs\ci_cart_online\system\CodeIgniter.php(397): CodeIgniter\CodeIgniter->startController()
#6 H:\xampp\htdocs\ci_cart_online\system\CodeIgniter.php(318): CodeIgniter\CodeIgniter->handleRequest(NULL, Object(Config\Cache), false)
#7 H:\xampp\htdocs\ci_cart_online\public\index.php(37): CodeIgniter\CodeIgniter->run()
#8 H:\xampp\htdocs\ci_cart_online\system\Commands\Server\rewrite.php(43): require_once('H:\\xampp\\htdocs...')
#9 {main}
CRITICAL - 2021-12-01 02:32:02 --> syntax error, unexpected '$this' (T_VARIABLE)
#0 H:\xampp\htdocs\ci_cart_online\system\Autoloader\Autoloader.php(241): CodeIgniter\Autoloader\Autoloader->includeFile('H:\\xampp\\htdocs...')
#1 H:\xampp\htdocs\ci_cart_online\system\Autoloader\Autoloader.php(219): CodeIgniter\Autoloader\Autoloader->loadInNamespace('App\\Controllers...')
#2 [internal function]: CodeIgniter\Autoloader\Autoloader->loadClass('App\\Controllers...')
#3 [internal function]: spl_autoload_call('App\\Controllers...')
#4 H:\xampp\htdocs\ci_cart_online\system\CodeIgniter.php(789): class_exists('\\App\\Controller...', true)
#5 H:\xampp\htdocs\ci_cart_online\system\CodeIgniter.php(397): CodeIgniter\CodeIgniter->startController()
#6 H:\xampp\htdocs\ci_cart_online\system\CodeIgniter.php(318): CodeIgniter\CodeIgniter->handleRequest(NULL, Object(Config\Cache), false)
#7 H:\xampp\htdocs\ci_cart_online\public\index.php(37): CodeIgniter\CodeIgniter->run()
#8 H:\xampp\htdocs\ci_cart_online\system\Commands\Server\rewrite.php(43): require_once('H:\\xampp\\htdocs...')
#9 {main}
CRITICAL - 2021-12-01 02:32:04 --> syntax error, unexpected '$this' (T_VARIABLE)
#0 H:\xampp\htdocs\ci_cart_online\system\Autoloader\Autoloader.php(241): CodeIgniter\Autoloader\Autoloader->includeFile('H:\\xampp\\htdocs...')
#1 H:\xampp\htdocs\ci_cart_online\system\Autoloader\Autoloader.php(219): CodeIgniter\Autoloader\Autoloader->loadInNamespace('App\\Controllers...')
#2 [internal function]: CodeIgniter\Autoloader\Autoloader->loadClass('App\\Controllers...')
#3 [internal function]: spl_autoload_call('App\\Controllers...')
#4 H:\xampp\htdocs\ci_cart_online\system\CodeIgniter.php(789): class_exists('\\App\\Controller...', true)
#5 H:\xampp\htdocs\ci_cart_online\system\CodeIgniter.php(397): CodeIgniter\CodeIgniter->startController()
#6 H:\xampp\htdocs\ci_cart_online\system\CodeIgniter.php(318): CodeIgniter\CodeIgniter->handleRequest(NULL, Object(Config\Cache), false)
#7 H:\xampp\htdocs\ci_cart_online\public\index.php(37): CodeIgniter\CodeIgniter->run()
#8 H:\xampp\htdocs\ci_cart_online\system\Commands\Server\rewrite.php(43): require_once('H:\\xampp\\htdocs...')
#9 {main}
CRITICAL - 2021-12-01 02:33:56 --> syntax error, unexpected '$this' (T_VARIABLE)
#0 H:\xampp\htdocs\ci_cart_online\system\Autoloader\Autoloader.php(241): CodeIgniter\Autoloader\Autoloader->includeFile('H:\\xampp\\htdocs...')
#1 H:\xampp\htdocs\ci_cart_online\system\Autoloader\Autoloader.php(219): CodeIgniter\Autoloader\Autoloader->loadInNamespace('App\\Controllers...')
#2 [internal function]: CodeIgniter\Autoloader\Autoloader->loadClass('App\\Controllers...')
#3 [internal function]: spl_autoload_call('App\\Controllers...')
#4 H:\xampp\htdocs\ci_cart_online\system\CodeIgniter.php(789): class_exists('\\App\\Controller...', true)
#5 H:\xampp\htdocs\ci_cart_online\system\CodeIgniter.php(397): CodeIgniter\CodeIgniter->startController()
#6 H:\xampp\htdocs\ci_cart_online\system\CodeIgniter.php(318): CodeIgniter\CodeIgniter->handleRequest(NULL, Object(Config\Cache), false)
#7 H:\xampp\htdocs\ci_cart_online\public\index.php(37): CodeIgniter\CodeIgniter->run()
#8 H:\xampp\htdocs\ci_cart_online\system\Commands\Server\rewrite.php(43): require_once('H:\\xampp\\htdocs...')
#9 {main}
CRITICAL - 2021-12-01 02:33:57 --> syntax error, unexpected '$this' (T_VARIABLE)
#0 H:\xampp\htdocs\ci_cart_online\system\Autoloader\Autoloader.php(241): CodeIgniter\Autoloader\Autoloader->includeFile('H:\\xampp\\htdocs...')
#1 H:\xampp\htdocs\ci_cart_online\system\Autoloader\Autoloader.php(219): CodeIgniter\Autoloader\Autoloader->loadInNamespace('App\\Controllers...')
#2 [internal function]: CodeIgniter\Autoloader\Autoloader->loadClass('App\\Controllers...')
#3 [internal function]: spl_autoload_call('App\\Controllers...')
#4 H:\xampp\htdocs\ci_cart_online\system\CodeIgniter.php(789): class_exists('\\App\\Controller...', true)
#5 H:\xampp\htdocs\ci_cart_online\system\CodeIgniter.php(397): CodeIgniter\CodeIgniter->startController()
#6 H:\xampp\htdocs\ci_cart_online\system\CodeIgniter.php(318): CodeIgniter\CodeIgniter->handleRequest(NULL, Object(Config\Cache), false)
#7 H:\xampp\htdocs\ci_cart_online\public\index.php(37): CodeIgniter\CodeIgniter->run()
#8 H:\xampp\htdocs\ci_cart_online\system\Commands\Server\rewrite.php(43): require_once('H:\\xampp\\htdocs...')
#9 {main}
CRITICAL - 2021-12-01 02:34:02 --> syntax error, unexpected '$this' (T_VARIABLE)
#0 H:\xampp\htdocs\ci_cart_online\system\Autoloader\Autoloader.php(241): CodeIgniter\Autoloader\Autoloader->includeFile('H:\\xampp\\htdocs...')
#1 H:\xampp\htdocs\ci_cart_online\system\Autoloader\Autoloader.php(219): CodeIgniter\Autoloader\Autoloader->loadInNamespace('App\\Controllers...')
#2 [internal function]: CodeIgniter\Autoloader\Autoloader->loadClass('App\\Controllers...')
#3 [internal function]: spl_autoload_call('App\\Controllers...')
#4 H:\xampp\htdocs\ci_cart_online\system\CodeIgniter.php(789): class_exists('\\App\\Controller...', true)
#5 H:\xampp\htdocs\ci_cart_online\system\CodeIgniter.php(397): CodeIgniter\CodeIgniter->startController()
#6 H:\xampp\htdocs\ci_cart_online\system\CodeIgniter.php(318): CodeIgniter\CodeIgniter->handleRequest(NULL, Object(Config\Cache), false)
#7 H:\xampp\htdocs\ci_cart_online\public\index.php(37): CodeIgniter\CodeIgniter->run()
#8 H:\xampp\htdocs\ci_cart_online\system\Commands\Server\rewrite.php(43): require_once('H:\\xampp\\htdocs...')
#9 {main}
CRITICAL - 2021-12-01 02:34:28 --> syntax error, unexpected '$this' (T_VARIABLE)
#0 H:\xampp\htdocs\ci_cart_online\system\Autoloader\Autoloader.php(241): CodeIgniter\Autoloader\Autoloader->includeFile('H:\\xampp\\htdocs...')
#1 H:\xampp\htdocs\ci_cart_online\system\Autoloader\Autoloader.php(219): CodeIgniter\Autoloader\Autoloader->loadInNamespace('App\\Controllers...')
#2 [internal function]: CodeIgniter\Autoloader\Autoloader->loadClass('App\\Controllers...')
#3 [internal function]: spl_autoload_call('App\\Controllers...')
#4 H:\xampp\htdocs\ci_cart_online\system\CodeIgniter.php(789): class_exists('\\App\\Controller...', true)
#5 H:\xampp\htdocs\ci_cart_online\system\CodeIgniter.php(397): CodeIgniter\CodeIgniter->startController()
#6 H:\xampp\htdocs\ci_cart_online\system\CodeIgniter.php(318): CodeIgniter\CodeIgniter->handleRequest(NULL, Object(Config\Cache), false)
#7 H:\xampp\htdocs\ci_cart_online\public\index.php(37): CodeIgniter\CodeIgniter->run()
#8 H:\xampp\htdocs\ci_cart_online\system\Commands\Server\rewrite.php(43): require_once('H:\\xampp\\htdocs...')
#9 {main}
CRITICAL - 2021-12-01 03:48:00 --> Call to undefined method CodeIgniter\View\View::get_menu()
#0 H:\xampp\htdocs\ci_cart_online\system\View\View.php(214): include()
#1 H:\xampp\htdocs\ci_cart_online\system\View\View.php(217): CodeIgniter\View\View->CodeIgniter\View\{closure}()
#2 H:\xampp\htdocs\ci_cart_online\system\Common.php(1097): CodeIgniter\View\View->render('template/front', Array, true)
#3 H:\xampp\htdocs\ci_cart_online\app\Controllers\Produk.php(31): view('template/front', Array)
#4 H:\xampp\htdocs\ci_cart_online\system\CodeIgniter.php(824): App\Controllers\Produk->index()
#5 H:\xampp\htdocs\ci_cart_online\system\CodeIgniter.php(410): CodeIgniter\CodeIgniter->runController(Object(App\Controllers\Produk))
#6 H:\xampp\htdocs\ci_cart_online\system\CodeIgniter.php(318): CodeIgniter\CodeIgniter->handleRequest(NULL, Object(Config\Cache), false)
#7 H:\xampp\htdocs\ci_cart_online\public\index.php(37): CodeIgniter\CodeIgniter->run()
#8 H:\xampp\htdocs\ci_cart_online\system\Commands\Server\rewrite.php(43): require_once('H:\\xampp\\htdocs...')
#9 {main}
CRITICAL - 2021-12-01 03:48:08 --> Call to undefined method CodeIgniter\View\View::get_menu()
#0 H:\xampp\htdocs\ci_cart_online\system\View\View.php(214): include()
#1 H:\xampp\htdocs\ci_cart_online\system\View\View.php(217): CodeIgniter\View\View->CodeIgniter\View\{closure}()
#2 H:\xampp\htdocs\ci_cart_online\system\Common.php(1097): CodeIgniter\View\View->render('template/front', Array, true)
#3 H:\xampp\htdocs\ci_cart_online\app\Controllers\Produk.php(31): view('template/front', Array)
#4 H:\xampp\htdocs\ci_cart_online\system\CodeIgniter.php(824): App\Controllers\Produk->index()
#5 H:\xampp\htdocs\ci_cart_online\system\CodeIgniter.php(410): CodeIgniter\CodeIgniter->runController(Object(App\Controllers\Produk))
#6 H:\xampp\htdocs\ci_cart_online\system\CodeIgniter.php(318): CodeIgniter\CodeIgniter->handleRequest(NULL, Object(Config\Cache), false)
#7 H:\xampp\htdocs\ci_cart_online\public\index.php(37): CodeIgniter\CodeIgniter->run()
#8 H:\xampp\htdocs\ci_cart_online\system\Commands\Server\rewrite.php(43): require_once('H:\\xampp\\htdocs...')
#9 {main}
CRITICAL - 2021-12-01 03:48:44 --> Call to undefined method CodeIgniter\View\View::get_menu()
#0 H:\xampp\htdocs\ci_cart_online\system\View\View.php(214): include()
#1 H:\xampp\htdocs\ci_cart_online\system\View\View.php(217): CodeIgniter\View\View->CodeIgniter\View\{closure}()
#2 H:\xampp\htdocs\ci_cart_online\system\Common.php(1097): CodeIgniter\View\View->render('template/front', Array, true)
#3 H:\xampp\htdocs\ci_cart_online\app\Controllers\Produk.php(31): view('template/front', Array)
#4 H:\xampp\htdocs\ci_cart_online\system\CodeIgniter.php(824): App\Controllers\Produk->index()
#5 H:\xampp\htdocs\ci_cart_online\system\CodeIgniter.php(410): CodeIgniter\CodeIgniter->runController(Object(App\Controllers\Produk))
#6 H:\xampp\htdocs\ci_cart_online\system\CodeIgniter.php(318): CodeIgniter\CodeIgniter->handleRequest(NULL, Object(Config\Cache), false)
#7 H:\xampp\htdocs\ci_cart_online\public\index.php(37): CodeIgniter\CodeIgniter->run()
#8 H:\xampp\htdocs\ci_cart_online\system\Commands\Server\rewrite.php(43): require_once('H:\\xampp\\htdocs...')
#9 {main}
CRITICAL - 2021-12-01 03:49:59 --> Call to undefined method CodeIgniter\View\View::get_menu()
#0 H:\xampp\htdocs\ci_cart_online\system\View\View.php(214): include()
#1 H:\xampp\htdocs\ci_cart_online\system\View\View.php(217): CodeIgniter\View\View->CodeIgniter\View\{closure}()
#2 H:\xampp\htdocs\ci_cart_online\system\Common.php(1097): CodeIgniter\View\View->render('template/front', Array, true)
#3 H:\xampp\htdocs\ci_cart_online\app\Controllers\Produk.php(31): view('template/front', Array)
#4 H:\xampp\htdocs\ci_cart_online\system\CodeIgniter.php(824): App\Controllers\Produk->index()
#5 H:\xampp\htdocs\ci_cart_online\system\CodeIgniter.php(410): CodeIgniter\CodeIgniter->runController(Object(App\Controllers\Produk))
#6 H:\xampp\htdocs\ci_cart_online\system\CodeIgniter.php(318): CodeIgniter\CodeIgniter->handleRequest(NULL, Object(Config\Cache), false)
#7 H:\xampp\htdocs\ci_cart_online\public\index.php(37): CodeIgniter\CodeIgniter->run()
#8 H:\xampp\htdocs\ci_cart_online\system\Commands\Server\rewrite.php(43): require_once('H:\\xampp\\htdocs...')
#9 {main}
CRITICAL - 2021-12-01 03:50:09 --> Call to undefined method CodeIgniter\View\View::get_menu()
#0 H:\xampp\htdocs\ci_cart_online\system\View\View.php(214): include()
#1 H:\xampp\htdocs\ci_cart_online\system\View\View.php(217): CodeIgniter\View\View->CodeIgniter\View\{closure}()
#2 H:\xampp\htdocs\ci_cart_online\system\Common.php(1097): CodeIgniter\View\View->render('template/front', Array, true)
#3 H:\xampp\htdocs\ci_cart_online\app\Controllers\Produk.php(31): view('template/front', Array)
#4 H:\xampp\htdocs\ci_cart_online\system\CodeIgniter.php(824): App\Controllers\Produk->index()
#5 H:\xampp\htdocs\ci_cart_online\system\CodeIgniter.php(410): CodeIgniter\CodeIgniter->runController(Object(App\Controllers\Produk))
#6 H:\xampp\htdocs\ci_cart_online\system\CodeIgniter.php(318): CodeIgniter\CodeIgniter->handleRequest(NULL, Object(Config\Cache), false)
#7 H:\xampp\htdocs\ci_cart_online\public\index.php(37): CodeIgniter\CodeIgniter->run()
#8 H:\xampp\htdocs\ci_cart_online\system\Commands\Server\rewrite.php(43): require_once('H:\\xampp\\htdocs...')
#9 {main}
CRITICAL - 2021-12-01 03:57:25 --> syntax error, unexpected '}', expecting ';' or ','
#0 H:\xampp\htdocs\ci_cart_online\system\Autoloader\Autoloader.php(241): CodeIgniter\Autoloader\Autoloader->includeFile('H:\\xampp\\htdocs...')
#1 H:\xampp\htdocs\ci_cart_online\system\Autoloader\Autoloader.php(219): CodeIgniter\Autoloader\Autoloader->loadInNamespace('App\\Controllers...')
#2 [internal function]: CodeIgniter\Autoloader\Autoloader->loadClass('App\\Controllers...')
#3 H:\xampp\htdocs\ci_cart_online\app\Controllers\Produk.php(5): spl_autoload_call('App\\Controllers...')
#4 H:\xampp\htdocs\ci_cart_online\system\Router\Router.php(519): include_once('H:\\xampp\\htdocs...')
#5 H:\xampp\htdocs\ci_cart_online\system\Router\Router.php(176): CodeIgniter\Router\Router->autoRoute('produk')
#6 H:\xampp\htdocs\ci_cart_online\system\CodeIgniter.php(718): CodeIgniter\Router\Router->handle('produk')
#7 H:\xampp\htdocs\ci_cart_online\system\CodeIgniter.php(359): CodeIgniter\CodeIgniter->tryToRouteIt(Object(CodeIgniter\Router\RouteCollection))
#8 H:\xampp\htdocs\ci_cart_online\system\CodeIgniter.php(318): CodeIgniter\CodeIgniter->handleRequest(NULL, Object(Config\Cache), false)
#9 H:\xampp\htdocs\ci_cart_online\public\index.php(37): CodeIgniter\CodeIgniter->run()
#10 H:\xampp\htdocs\ci_cart_online\system\Commands\Server\rewrite.php(43): require_once('H:\\xampp\\htdocs...')
#11 {main}
CRITICAL - 2021-12-01 03:57:42 --> Constant expression contains invalid operations
#0 [internal function]: CodeIgniter\Debug\Exceptions->shutdownHandler()
#1 {main}
CRITICAL - 2021-12-01 03:58:29 --> Constant expression contains invalid operations
#0 [internal function]: CodeIgniter\Debug\Exceptions->shutdownHandler()
#1 {main}
CRITICAL - 2021-12-01 03:59:10 --> Undefined variable: menu
#0 H:\xampp\htdocs\ci_cart_online\app\Views\template\front.php(7): CodeIgniter\Debug\Exceptions->errorHandler(8, 'Undefined varia...', 'H:\\xampp\\htdocs...', 7, Array)
#1 H:\xampp\htdocs\ci_cart_online\system\View\View.php(214): include('H:\\xampp\\htdocs...')
#2 H:\xampp\htdocs\ci_cart_online\system\View\View.php(217): CodeIgniter\View\View->CodeIgniter\View\{closure}()
#3 H:\xampp\htdocs\ci_cart_online\system\Common.php(1097): CodeIgniter\View\View->render('template/front', Array, true)
#4 H:\xampp\htdocs\ci_cart_online\app\Controllers\Produk.php(36): view('template/front', Array)
#5 H:\xampp\htdocs\ci_cart_online\system\CodeIgniter.php(824): App\Controllers\Produk->index()
#6 H:\xampp\htdocs\ci_cart_online\system\CodeIgniter.php(410): CodeIgniter\CodeIgniter->runController(Object(App\Controllers\Produk))
#7 H:\xampp\htdocs\ci_cart_online\system\CodeIgniter.php(318): CodeIgniter\CodeIgniter->handleRequest(NULL, Object(Config\Cache), false)
#8 H:\xampp\htdocs\ci_cart_online\public\index.php(37): CodeIgniter\CodeIgniter->run()
#9 H:\xampp\htdocs\ci_cart_online\system\Commands\Server\rewrite.php(43): require_once('H:\\xampp\\htdocs...')
#10 {main}
CRITICAL - 2021-12-01 03:59:27 --> Constant expression contains invalid operations
#0 [internal function]: CodeIgniter\Debug\Exceptions->shutdownHandler()
#1 {main}
CRITICAL - 2021-12-01 03:59:59 --> Constant expression contains invalid operations
#0 [internal function]: CodeIgniter\Debug\Exceptions->shutdownHandler()
#1 {main}
CRITICAL - 2021-12-01 04:03:38 --> Undefined variable: menu
#0 H:\xampp\htdocs\ci_cart_online\app\Views\template\front.php(7): CodeIgniter\Debug\Exceptions->errorHandler(8, 'Undefined varia...', 'H:\\xampp\\htdocs...', 7, Array)
#1 H:\xampp\htdocs\ci_cart_online\system\View\View.php(214): include('H:\\xampp\\htdocs...')
#2 H:\xampp\htdocs\ci_cart_online\system\View\View.php(217): CodeIgniter\View\View->CodeIgniter\View\{closure}()
#3 H:\xampp\htdocs\ci_cart_online\system\Common.php(1097): CodeIgniter\View\View->render('template/front', Array, true)
#4 H:\xampp\htdocs\ci_cart_online\app\Controllers\Produk.php(36): view('template/front', Array)
#5 H:\xampp\htdocs\ci_cart_online\system\CodeIgniter.php(824): App\Controllers\Produk->index()
#6 H:\xampp\htdocs\ci_cart_online\system\CodeIgniter.php(410): CodeIgniter\CodeIgniter->runController(Object(App\Controllers\Produk))
#7 H:\xampp\htdocs\ci_cart_online\system\CodeIgniter.php(318): CodeIgniter\CodeIgniter->handleRequest(NULL, Object(Config\Cache), false)
#8 H:\xampp\htdocs\ci_cart_online\public\index.php(37): CodeIgniter\CodeIgniter->run()
#9 H:\xampp\htdocs\ci_cart_online\system\Commands\Server\rewrite.php(43): require_once('H:\\xampp\\htdocs...')
#10 {main}
CRITICAL - 2021-12-01 04:04:10 --> Undefined variable: menu
#0 H:\xampp\htdocs\ci_cart_online\app\Views\template\front.php(7): CodeIgniter\Debug\Exceptions->errorHandler(8, 'Undefined varia...', 'H:\\xampp\\htdocs...', 7, Array)
#1 H:\xampp\htdocs\ci_cart_online\system\View\View.php(214): include('H:\\xampp\\htdocs...')
#2 H:\xampp\htdocs\ci_cart_online\system\View\View.php(217): CodeIgniter\View\View->CodeIgniter\View\{closure}()
#3 H:\xampp\htdocs\ci_cart_online\system\Common.php(1097): CodeIgniter\View\View->render('template/front', Array, true)
#4 H:\xampp\htdocs\ci_cart_online\app\Controllers\Produk.php(36): view('template/front', Array)
#5 H:\xampp\htdocs\ci_cart_online\system\CodeIgniter.php(824): App\Controllers\Produk->index()
#6 H:\xampp\htdocs\ci_cart_online\system\CodeIgniter.php(410): CodeIgniter\CodeIgniter->runController(Object(App\Controllers\Produk))
#7 H:\xampp\htdocs\ci_cart_online\system\CodeIgniter.php(318): CodeIgniter\CodeIgniter->handleRequest(NULL, Object(Config\Cache), false)
#8 H:\xampp\htdocs\ci_cart_online\public\index.php(37): CodeIgniter\CodeIgniter->run()
#9 H:\xampp\htdocs\ci_cart_online\system\Commands\Server\rewrite.php(43): require_once('H:\\xampp\\htdocs...')
#10 {main}
CRITICAL - 2021-12-01 04:04:54 --> Undefined variable: data_view
#0 H:\xampp\htdocs\ci_cart_online\app\Controllers\Produk.php(39): CodeIgniter\Debug\Exceptions->errorHandler(8, 'Undefined varia...', 'H:\\xampp\\htdocs...', 39, Array)
#1 H:\xampp\htdocs\ci_cart_online\system\CodeIgniter.php(824): App\Controllers\Produk->index()
#2 H:\xampp\htdocs\ci_cart_online\system\CodeIgniter.php(410): CodeIgniter\CodeIgniter->runController(Object(App\Controllers\Produk))
#3 H:\xampp\htdocs\ci_cart_online\system\CodeIgniter.php(318): CodeIgniter\CodeIgniter->handleRequest(NULL, Object(Config\Cache), false)
#4 H:\xampp\htdocs\ci_cart_online\public\index.php(37): CodeIgniter\CodeIgniter->run()
#5 H:\xampp\htdocs\ci_cart_online\system\Commands\Server\rewrite.php(43): require_once('H:\\xampp\\htdocs...')
#6 {main}
CRITICAL - 2021-12-01 04:11:49 --> Constant expression contains invalid operations
#0 [internal function]: CodeIgniter\Debug\Exceptions->shutdownHandler()
#1 {main}
CRITICAL - 2021-12-01 04:12:26 --> Constant expression contains invalid operations
#0 [internal function]: CodeIgniter\Debug\Exceptions->shutdownHandler()
#1 {main}
CRITICAL - 2021-12-01 04:13:17 --> Constant expression contains invalid operations
#0 [internal function]: CodeIgniter\Debug\Exceptions->shutdownHandler()
#1 {main}
CRITICAL - 2021-12-01 04:34:31 --> Undefined variable: id_produk_input
#0 H:\xampp\htdocs\ci_cart_online\app\Views\produk\detail.php(4): CodeIgniter\Debug\Exceptions->errorHandler(8, 'Undefined varia...', 'H:\\xampp\\htdocs...', 4, Array)
#1 H:\xampp\htdocs\ci_cart_online\system\View\View.php(214): include('H:\\xampp\\htdocs...')
#2 H:\xampp\htdocs\ci_cart_online\system\View\View.php(217): CodeIgniter\View\View->CodeIgniter\View\{closure}()
#3 H:\xampp\htdocs\ci_cart_online\system\Common.php(1097): CodeIgniter\View\View->render('produk/detail', Array, true)
#4 H:\xampp\htdocs\ci_cart_online\app\Views\template\front.php(13): view('produk/detail', Array)
#5 H:\xampp\htdocs\ci_cart_online\system\View\View.php(214): include('H:\\xampp\\htdocs...')
#6 H:\xampp\htdocs\ci_cart_online\system\View\View.php(217): CodeIgniter\View\View->CodeIgniter\View\{closure}()
#7 H:\xampp\htdocs\ci_cart_online\system\Common.php(1097): CodeIgniter\View\View->render('template/front', Array, true)
#8 H:\xampp\htdocs\ci_cart_online\app\Controllers\Produk.php(119): view('template/front', Array)
#9 H:\xampp\htdocs\ci_cart_online\system\CodeIgniter.php(824): App\Controllers\Produk->proses_input()
#10 H:\xampp\htdocs\ci_cart_online\system\CodeIgniter.php(410): CodeIgniter\CodeIgniter->runController(Object(App\Controllers\Produk))
#11 H:\xampp\htdocs\ci_cart_online\system\CodeIgniter.php(318): CodeIgniter\CodeIgniter->handleRequest(NULL, Object(Config\Cache), false)
#12 H:\xampp\htdocs\ci_cart_online\public\index.php(37): CodeIgniter\CodeIgniter->run()
#13 H:\xampp\htdocs\ci_cart_online\system\Commands\Server\rewrite.php(43): require_once('H:\\xampp\\htdocs...')
#14 {main}
CRITICAL - 2021-12-01 04:35:11 --> Undefined variable: deskripsi_barang
#0 H:\xampp\htdocs\ci_cart_online\app\Views\produk\detail.php(13): CodeIgniter\Debug\Exceptions->errorHandler(8, 'Undefined varia...', 'H:\\xampp\\htdocs...', 13, Array)
#1 H:\xampp\htdocs\ci_cart_online\system\View\View.php(214): include('H:\\xampp\\htdocs...')
#2 H:\xampp\htdocs\ci_cart_online\system\View\View.php(217): CodeIgniter\View\View->CodeIgniter\View\{closure}()
#3 H:\xampp\htdocs\ci_cart_online\system\Common.php(1097): CodeIgniter\View\View->render('produk/detail', Array, true)
#4 H:\xampp\htdocs\ci_cart_online\app\Views\template\front.php(13): view('produk/detail', Array)
#5 H:\xampp\htdocs\ci_cart_online\system\View\View.php(214): include('H:\\xampp\\htdocs...')
#6 H:\xampp\htdocs\ci_cart_online\system\View\View.php(217): CodeIgniter\View\View->CodeIgniter\View\{closure}()
#7 H:\xampp\htdocs\ci_cart_online\system\Common.php(1097): CodeIgniter\View\View->render('template/front', Array, true)
#8 H:\xampp\htdocs\ci_cart_online\app\Controllers\Produk.php(120): view('template/front', Array)
#9 H:\xampp\htdocs\ci_cart_online\system\CodeIgniter.php(824): App\Controllers\Produk->proses_input()
#10 H:\xampp\htdocs\ci_cart_online\system\CodeIgniter.php(410): CodeIgniter\CodeIgniter->runController(Object(App\Controllers\Produk))
#11 H:\xampp\htdocs\ci_cart_online\system\CodeIgniter.php(318): CodeIgniter\CodeIgniter->handleRequest(NULL, Object(Config\Cache), false)
#12 H:\xampp\htdocs\ci_cart_online\public\index.php(37): CodeIgniter\CodeIgniter->run()
#13 H:\xampp\htdocs\ci_cart_online\system\Commands\Server\rewrite.php(43): require_once('H:\\xampp\\htdocs...')
#14 {main}
CRITICAL - 2021-12-01 04:36:32 --> syntax error, unexpected '$data_view' (T_VARIABLE)
#0 H:\xampp\htdocs\ci_cart_online\system\Router\Router.php(176): CodeIgniter\Router\Router->autoRoute('produk/proses_i...')
#1 H:\xampp\htdocs\ci_cart_online\system\CodeIgniter.php(718): CodeIgniter\Router\Router->handle('produk/proses_i...')
#2 H:\xampp\htdocs\ci_cart_online\system\CodeIgniter.php(359): CodeIgniter\CodeIgniter->tryToRouteIt(Object(CodeIgniter\Router\RouteCollection))
#3 H:\xampp\htdocs\ci_cart_online\system\CodeIgniter.php(318): CodeIgniter\CodeIgniter->handleRequest(NULL, Object(Config\Cache), false)
#4 H:\xampp\htdocs\ci_cart_online\public\index.php(37): CodeIgniter\CodeIgniter->run()
#5 H:\xampp\htdocs\ci_cart_online\system\Commands\Server\rewrite.php(43): require_once('H:\\xampp\\htdocs...')
#6 {main}
CRITICAL - 2021-12-01 15:27:48 --> The framework needs the following extension(s) installed and loaded: intl.
#0 H:\xampp\htdocs\ci_cart_online\system\CodeIgniter.php(219): CodeIgniter\Exceptions\FrameworkException::forMissingExtension('intl')
#1 H:\xampp\htdocs\ci_cart_online\system\CodeIgniter.php(177): CodeIgniter\CodeIgniter->resolvePlatformExtensions()
#2 H:\xampp\htdocs\ci_cart_online\system\bootstrap.php(146): CodeIgniter\CodeIgniter->initialize()
#3 H:\xampp\htdocs\ci_cart_online\spark(45): require('H:\\xampp\\htdocs...')
#4 {main}
