CRITICAL - 2021-12-21 10:02:59 --> syntax error, unexpected token "public", expecting end of file
#0 E:\Amikom Kuliah\xampp\htdocs\ci_cart_online\system\Autoloader\Autoloader.php(241): CodeIgniter\Autoloader\Autoloader->includeFile('E:\\Amikom Kulia...')
#1 E:\Amikom Kuliah\xampp\htdocs\ci_cart_online\system\Autoloader\Autoloader.php(219): CodeIgniter\Autoloader\Autoloader->loadInNamespace('App\\Controllers...')
#2 [internal function]: CodeIgniter\Autoloader\Autoloader->loadClass('App\\Controllers...')
#3 E:\Amikom Kuliah\xampp\htdocs\ci_cart_online\system\CodeIgniter.php(789): class_exists('\\App\\Controller...', true)
#4 E:\Amikom Kuliah\xampp\htdocs\ci_cart_online\system\CodeIgniter.php(397): CodeIgniter\CodeIgniter->startController()
#5 E:\Amikom Kuliah\xampp\htdocs\ci_cart_online\system\CodeIgniter.php(318): CodeIgniter\CodeIgniter->handleRequest(NULL, Object(Config\Cache), false)
#6 E:\Amikom Kuliah\xampp\htdocs\ci_cart_online\public\index.php(37): CodeIgniter\CodeIgniter->run()
#7 {main}
CRITICAL - 2021-12-21 10:28:29 --> Cannot use object of type stdClass as array
#0 E:\Amikom Kuliah\xampp\htdocs\ci_cart_online\system\View\View.php(214): include()
#1 E:\Amikom Kuliah\xampp\htdocs\ci_cart_online\system\View\View.php(217): CodeIgniter\View\View->CodeIgniter\View\{closure}()
#2 E:\Amikom Kuliah\xampp\htdocs\ci_cart_online\system\Common.php(1097): CodeIgniter\View\View->render('produk/list', Array, true)
#3 E:\Amikom Kuliah\xampp\htdocs\ci_cart_online\app\Views\template\front.php(13): view('produk/list', Array)
#4 E:\Amikom Kuliah\xampp\htdocs\ci_cart_online\system\View\View.php(214): include('E:\\Amikom Kulia...')
#5 E:\Amikom Kuliah\xampp\htdocs\ci_cart_online\system\View\View.php(217): CodeIgniter\View\View->CodeIgniter\View\{closure}()
#6 E:\Amikom Kuliah\xampp\htdocs\ci_cart_online\system\Common.php(1097): CodeIgniter\View\View->render('template/front', Array, true)
#7 E:\Amikom Kuliah\xampp\htdocs\ci_cart_online\app\Controllers\BaseController.php(88): view('template/front', Array)
#8 E:\Amikom Kuliah\xampp\htdocs\ci_cart_online\app\Controllers\Produk.php(41): App\Controllers\BaseController->load_template(Array, Array)
#9 E:\Amikom Kuliah\xampp\htdocs\ci_cart_online\system\CodeIgniter.php(824): App\Controllers\Produk->index()
#10 E:\Amikom Kuliah\xampp\htdocs\ci_cart_online\system\CodeIgniter.php(410): CodeIgniter\CodeIgniter->runController(Object(App\Controllers\Produk))
#11 E:\Amikom Kuliah\xampp\htdocs\ci_cart_online\system\CodeIgniter.php(318): CodeIgniter\CodeIgniter->handleRequest(NULL, Object(Config\Cache), false)
#12 E:\Amikom Kuliah\xampp\htdocs\ci_cart_online\public\index.php(37): CodeIgniter\CodeIgniter->run()
#13 {main}
CRITICAL - 2021-12-21 10:30:14 --> Cannot use object of type stdClass as array
#0 E:\Amikom Kuliah\xampp\htdocs\ci_cart_online\system\View\View.php(214): include()
#1 E:\Amikom Kuliah\xampp\htdocs\ci_cart_online\system\View\View.php(217): CodeIgniter\View\View->CodeIgniter\View\{closure}()
#2 E:\Amikom Kuliah\xampp\htdocs\ci_cart_online\system\Common.php(1097): CodeIgniter\View\View->render('produk/list', Array, true)
#3 E:\Amikom Kuliah\xampp\htdocs\ci_cart_online\app\Views\template\front.php(13): view('produk/list', Array)
#4 E:\Amikom Kuliah\xampp\htdocs\ci_cart_online\system\View\View.php(214): include('E:\\Amikom Kulia...')
#5 E:\Amikom Kuliah\xampp\htdocs\ci_cart_online\system\View\View.php(217): CodeIgniter\View\View->CodeIgniter\View\{closure}()
#6 E:\Amikom Kuliah\xampp\htdocs\ci_cart_online\system\Common.php(1097): CodeIgniter\View\View->render('template/front', Array, true)
#7 E:\Amikom Kuliah\xampp\htdocs\ci_cart_online\app\Controllers\BaseController.php(88): view('template/front', Array)
#8 E:\Amikom Kuliah\xampp\htdocs\ci_cart_online\app\Controllers\Produk.php(41): App\Controllers\BaseController->load_template(Array, Array)
#9 E:\Amikom Kuliah\xampp\htdocs\ci_cart_online\system\CodeIgniter.php(824): App\Controllers\Produk->index()
#10 E:\Amikom Kuliah\xampp\htdocs\ci_cart_online\system\CodeIgniter.php(410): CodeIgniter\CodeIgniter->runController(Object(App\Controllers\Produk))
#11 E:\Amikom Kuliah\xampp\htdocs\ci_cart_online\system\CodeIgniter.php(318): CodeIgniter\CodeIgniter->handleRequest(NULL, Object(Config\Cache), false)
#12 E:\Amikom Kuliah\xampp\htdocs\ci_cart_online\public\index.php(37): CodeIgniter\CodeIgniter->run()
#13 {main}
CRITICAL - 2021-12-21 10:31:01 --> Undefined property: stdClass::$harga_produk
#0 E:\Amikom Kuliah\xampp\htdocs\ci_cart_online\app\Views\produk\list.php(36): CodeIgniter\Debug\Exceptions->errorHandler(2, 'Undefined prope...', 'E:\\Amikom Kulia...', 36)
#1 E:\Amikom Kuliah\xampp\htdocs\ci_cart_online\system\View\View.php(214): include('E:\\Amikom Kulia...')
#2 E:\Amikom Kuliah\xampp\htdocs\ci_cart_online\system\View\View.php(217): CodeIgniter\View\View->CodeIgniter\View\{closure}()
#3 E:\Amikom Kuliah\xampp\htdocs\ci_cart_online\system\Common.php(1097): CodeIgniter\View\View->render('produk/list', Array, true)
#4 E:\Amikom Kuliah\xampp\htdocs\ci_cart_online\app\Views\template\front.php(13): view('produk/list', Array)
#5 E:\Amikom Kuliah\xampp\htdocs\ci_cart_online\system\View\View.php(214): include('E:\\Amikom Kulia...')
#6 E:\Amikom Kuliah\xampp\htdocs\ci_cart_online\system\View\View.php(217): CodeIgniter\View\View->CodeIgniter\View\{closure}()
#7 E:\Amikom Kuliah\xampp\htdocs\ci_cart_online\system\Common.php(1097): CodeIgniter\View\View->render('template/front', Array, true)
#8 E:\Amikom Kuliah\xampp\htdocs\ci_cart_online\app\Controllers\BaseController.php(88): view('template/front', Array)
#9 E:\Amikom Kuliah\xampp\htdocs\ci_cart_online\app\Controllers\Produk.php(41): App\Controllers\BaseController->load_template(Array, Array)
#10 E:\Amikom Kuliah\xampp\htdocs\ci_cart_online\system\CodeIgniter.php(824): App\Controllers\Produk->index()
#11 E:\Amikom Kuliah\xampp\htdocs\ci_cart_online\system\CodeIgniter.php(410): CodeIgniter\CodeIgniter->runController(Object(App\Controllers\Produk))
#12 E:\Amikom Kuliah\xampp\htdocs\ci_cart_online\system\CodeIgniter.php(318): CodeIgniter\CodeIgniter->handleRequest(NULL, Object(Config\Cache), false)
#13 E:\Amikom Kuliah\xampp\htdocs\ci_cart_online\public\index.php(37): CodeIgniter\CodeIgniter->run()
#14 {main}
CRITICAL - 2021-12-21 10:34:18 --> syntax error, unexpected token ";"
#0 E:\Amikom Kuliah\xampp\htdocs\ci_cart_online\system\View\View.php(217): CodeIgniter\View\View->CodeIgniter\View\{closure}()
#1 E:\Amikom Kuliah\xampp\htdocs\ci_cart_online\system\Common.php(1097): CodeIgniter\View\View->render('produk/list', Array, true)
#2 E:\Amikom Kuliah\xampp\htdocs\ci_cart_online\app\Views\template\front.php(13): view('produk/list', Array)
#3 E:\Amikom Kuliah\xampp\htdocs\ci_cart_online\system\View\View.php(214): include('E:\\Amikom Kulia...')
#4 E:\Amikom Kuliah\xampp\htdocs\ci_cart_online\system\View\View.php(217): CodeIgniter\View\View->CodeIgniter\View\{closure}()
#5 E:\Amikom Kuliah\xampp\htdocs\ci_cart_online\system\Common.php(1097): CodeIgniter\View\View->render('template/front', Array, true)
#6 E:\Amikom Kuliah\xampp\htdocs\ci_cart_online\app\Controllers\BaseController.php(88): view('template/front', Array)
#7 E:\Amikom Kuliah\xampp\htdocs\ci_cart_online\app\Controllers\Produk.php(41): App\Controllers\BaseController->load_template(Array, Array)
#8 E:\Amikom Kuliah\xampp\htdocs\ci_cart_online\system\CodeIgniter.php(824): App\Controllers\Produk->index()
#9 E:\Amikom Kuliah\xampp\htdocs\ci_cart_online\system\CodeIgniter.php(410): CodeIgniter\CodeIgniter->runController(Object(App\Controllers\Produk))
#10 E:\Amikom Kuliah\xampp\htdocs\ci_cart_online\system\CodeIgniter.php(318): CodeIgniter\CodeIgniter->handleRequest(NULL, Object(Config\Cache), false)
#11 E:\Amikom Kuliah\xampp\htdocs\ci_cart_online\public\index.php(37): CodeIgniter\CodeIgniter->run()
#12 {main}
CRITICAL - 2021-12-21 10:35:45 --> There is no data to update.
#0 E:\Amikom Kuliah\xampp\htdocs\ci_cart_online\system\BaseModel.php(1574): CodeIgniter\Database\Exceptions\DataException::forEmptyDataset('update')
#1 E:\Amikom Kuliah\xampp\htdocs\ci_cart_online\system\BaseModel.php(832): CodeIgniter\BaseModel->transformDataToArray(NULL, 'update')
#2 E:\Amikom Kuliah\xampp\htdocs\ci_cart_online\system\Model.php(646): CodeIgniter\BaseModel->update(Array, NULL)
#3 E:\Amikom Kuliah\xampp\htdocs\ci_cart_online\app\Controllers\Produk.php(109): CodeIgniter\Model->update(Array)
#4 E:\Amikom Kuliah\xampp\htdocs\ci_cart_online\system\CodeIgniter.php(824): App\Controllers\Produk->proses_input()
#5 E:\Amikom Kuliah\xampp\htdocs\ci_cart_online\system\CodeIgniter.php(410): CodeIgniter\CodeIgniter->runController(Object(App\Controllers\Produk))
#6 E:\Amikom Kuliah\xampp\htdocs\ci_cart_online\system\CodeIgniter.php(318): CodeIgniter\CodeIgniter->handleRequest(NULL, Object(Config\Cache), false)
#7 E:\Amikom Kuliah\xampp\htdocs\ci_cart_online\public\index.php(37): CodeIgniter\CodeIgniter->run()
#8 {main}
CRITICAL - 2021-12-21 10:39:45 --> There is no data to update.
#0 E:\Amikom Kuliah\xampp\htdocs\ci_cart_online\system\BaseModel.php(1574): CodeIgniter\Database\Exceptions\DataException::forEmptyDataset('update')
#1 E:\Amikom Kuliah\xampp\htdocs\ci_cart_online\system\BaseModel.php(832): CodeIgniter\BaseModel->transformDataToArray(NULL, 'update')
#2 E:\Amikom Kuliah\xampp\htdocs\ci_cart_online\system\Model.php(646): CodeIgniter\BaseModel->update(Array, NULL)
#3 E:\Amikom Kuliah\xampp\htdocs\ci_cart_online\app\Controllers\Produk.php(109): CodeIgniter\Model->update(Array)
#4 E:\Amikom Kuliah\xampp\htdocs\ci_cart_online\system\CodeIgniter.php(824): App\Controllers\Produk->proses_input()
#5 E:\Amikom Kuliah\xampp\htdocs\ci_cart_online\system\CodeIgniter.php(410): CodeIgniter\CodeIgniter->runController(Object(App\Controllers\Produk))
#6 E:\Amikom Kuliah\xampp\htdocs\ci_cart_online\system\CodeIgniter.php(318): CodeIgniter\CodeIgniter->handleRequest(NULL, Object(Config\Cache), false)
#7 E:\Amikom Kuliah\xampp\htdocs\ci_cart_online\public\index.php(37): CodeIgniter\CodeIgniter->run()
#8 {main}
CRITICAL - 2021-12-21 10:39:53 --> There is no data to update.
#0 E:\Amikom Kuliah\xampp\htdocs\ci_cart_online\system\BaseModel.php(1574): CodeIgniter\Database\Exceptions\DataException::forEmptyDataset('update')
#1 E:\Amikom Kuliah\xampp\htdocs\ci_cart_online\system\BaseModel.php(832): CodeIgniter\BaseModel->transformDataToArray(NULL, 'update')
#2 E:\Amikom Kuliah\xampp\htdocs\ci_cart_online\system\Model.php(646): CodeIgniter\BaseModel->update(Array, NULL)
#3 E:\Amikom Kuliah\xampp\htdocs\ci_cart_online\app\Controllers\Produk.php(109): CodeIgniter\Model->update(Array)
#4 E:\Amikom Kuliah\xampp\htdocs\ci_cart_online\system\CodeIgniter.php(824): App\Controllers\Produk->proses_input()
#5 E:\Amikom Kuliah\xampp\htdocs\ci_cart_online\system\CodeIgniter.php(410): CodeIgniter\CodeIgniter->runController(Object(App\Controllers\Produk))
#6 E:\Amikom Kuliah\xampp\htdocs\ci_cart_online\system\CodeIgniter.php(318): CodeIgniter\CodeIgniter->handleRequest(NULL, Object(Config\Cache), false)
#7 E:\Amikom Kuliah\xampp\htdocs\ci_cart_online\public\index.php(37): CodeIgniter\CodeIgniter->run()
#8 {main}
CRITICAL - 2021-12-21 10:44:42 --> There is no data to update.
#0 E:\Amikom Kuliah\xampp\htdocs\ci_cart_online\system\BaseModel.php(1574): CodeIgniter\Database\Exceptions\DataException::forEmptyDataset('update')
#1 E:\Amikom Kuliah\xampp\htdocs\ci_cart_online\system\BaseModel.php(832): CodeIgniter\BaseModel->transformDataToArray(NULL, 'update')
#2 E:\Amikom Kuliah\xampp\htdocs\ci_cart_online\system\Model.php(646): CodeIgniter\BaseModel->update(Array, NULL)
#3 E:\Amikom Kuliah\xampp\htdocs\ci_cart_online\app\Controllers\Produk.php(109): CodeIgniter\Model->update(Array)
#4 E:\Amikom Kuliah\xampp\htdocs\ci_cart_online\system\CodeIgniter.php(824): App\Controllers\Produk->proses_input()
#5 E:\Amikom Kuliah\xampp\htdocs\ci_cart_online\system\CodeIgniter.php(410): CodeIgniter\CodeIgniter->runController(Object(App\Controllers\Produk))
#6 E:\Amikom Kuliah\xampp\htdocs\ci_cart_online\system\CodeIgniter.php(318): CodeIgniter\CodeIgniter->handleRequest(NULL, Object(Config\Cache), false)
#7 E:\Amikom Kuliah\xampp\htdocs\ci_cart_online\public\index.php(37): CodeIgniter\CodeIgniter->run()
#8 {main}
CRITICAL - 2021-12-21 10:51:27 --> There is no data to update.
#0 E:\Amikom Kuliah\xampp\htdocs\ci_cart_online\system\BaseModel.php(1574): CodeIgniter\Database\Exceptions\DataException::forEmptyDataset('update')
#1 E:\Amikom Kuliah\xampp\htdocs\ci_cart_online\system\BaseModel.php(832): CodeIgniter\BaseModel->transformDataToArray(NULL, 'update')
#2 E:\Amikom Kuliah\xampp\htdocs\ci_cart_online\system\Model.php(646): CodeIgniter\BaseModel->update(Array, NULL)
#3 E:\Amikom Kuliah\xampp\htdocs\ci_cart_online\app\Controllers\Produk.php(110): CodeIgniter\Model->update(Array)
#4 E:\Amikom Kuliah\xampp\htdocs\ci_cart_online\system\CodeIgniter.php(824): App\Controllers\Produk->proses_input()
#5 E:\Amikom Kuliah\xampp\htdocs\ci_cart_online\system\CodeIgniter.php(410): CodeIgniter\CodeIgniter->runController(Object(App\Controllers\Produk))
#6 E:\Amikom Kuliah\xampp\htdocs\ci_cart_online\system\CodeIgniter.php(318): CodeIgniter\CodeIgniter->handleRequest(NULL, Object(Config\Cache), false)
#7 E:\Amikom Kuliah\xampp\htdocs\ci_cart_online\public\index.php(37): CodeIgniter\CodeIgniter->run()
#8 {main}
