CRITICAL - 2021-12-22 08:27:03 --> There is no data to update.
#0 E:\Amikom Kuliah\xampp\htdocs\ci_cart_online\system\BaseModel.php(1574): CodeIgniter\Database\Exceptions\DataException::forEmptyDataset('update')
#1 E:\Amikom Kuliah\xampp\htdocs\ci_cart_online\system\BaseModel.php(832): CodeIgniter\BaseModel->transformDataToArray(NULL, 'update')
#2 E:\Amikom Kuliah\xampp\htdocs\ci_cart_online\system\Model.php(646): CodeIgniter\BaseModel->update(Array, NULL)
#3 E:\Amikom Kuliah\xampp\htdocs\ci_cart_online\app\Controllers\Produk.php(108): CodeIgniter\Model->update(Array)
#4 E:\Amikom Kuliah\xampp\htdocs\ci_cart_online\system\CodeIgniter.php(824): App\Controllers\Produk->proses_input()
#5 E:\Amikom Kuliah\xampp\htdocs\ci_cart_online\system\CodeIgniter.php(410): CodeIgniter\CodeIgniter->runController(Object(App\Controllers\Produk))
#6 E:\Amikom Kuliah\xampp\htdocs\ci_cart_online\system\CodeIgniter.php(318): CodeIgniter\CodeIgniter->handleRequest(NULL, Object(Config\Cache), false)
#7 E:\Amikom Kuliah\xampp\htdocs\ci_cart_online\public\index.php(37): CodeIgniter\CodeIgniter->run()
#8 {main}
CRITICAL - 2021-12-22 08:27:25 --> There is no data to update.
#0 E:\Amikom Kuliah\xampp\htdocs\ci_cart_online\system\BaseModel.php(1574): CodeIgniter\Database\Exceptions\DataException::forEmptyDataset('update')
#1 E:\Amikom Kuliah\xampp\htdocs\ci_cart_online\system\BaseModel.php(832): CodeIgniter\BaseModel->transformDataToArray(NULL, 'update')
#2 E:\Amikom Kuliah\xampp\htdocs\ci_cart_online\system\Model.php(646): CodeIgniter\BaseModel->update(Array, NULL)
#3 E:\Amikom Kuliah\xampp\htdocs\ci_cart_online\app\Controllers\Produk.php(108): CodeIgniter\Model->update(Array)
#4 E:\Amikom Kuliah\xampp\htdocs\ci_cart_online\system\CodeIgniter.php(824): App\Controllers\Produk->proses_input()
#5 E:\Amikom Kuliah\xampp\htdocs\ci_cart_online\system\CodeIgniter.php(410): CodeIgniter\CodeIgniter->runController(Object(App\Controllers\Produk))
#6 E:\Amikom Kuliah\xampp\htdocs\ci_cart_online\system\CodeIgniter.php(318): CodeIgniter\CodeIgniter->handleRequest(NULL, Object(Config\Cache), false)
#7 E:\Amikom Kuliah\xampp\htdocs\ci_cart_online\public\index.php(37): CodeIgniter\CodeIgniter->run()
#8 {main}
CRITICAL - 2021-12-22 08:27:31 --> There is no data to update.
#0 E:\Amikom Kuliah\xampp\htdocs\ci_cart_online\system\BaseModel.php(1574): CodeIgniter\Database\Exceptions\DataException::forEmptyDataset('update')
#1 E:\Amikom Kuliah\xampp\htdocs\ci_cart_online\system\BaseModel.php(832): CodeIgniter\BaseModel->transformDataToArray(NULL, 'update')
#2 E:\Amikom Kuliah\xampp\htdocs\ci_cart_online\system\Model.php(646): CodeIgniter\BaseModel->update(Array, NULL)
#3 E:\Amikom Kuliah\xampp\htdocs\ci_cart_online\app\Controllers\Produk.php(108): CodeIgniter\Model->update(Array)
#4 E:\Amikom Kuliah\xampp\htdocs\ci_cart_online\system\CodeIgniter.php(824): App\Controllers\Produk->proses_input()
#5 E:\Amikom Kuliah\xampp\htdocs\ci_cart_online\system\CodeIgniter.php(410): CodeIgniter\CodeIgniter->runController(Object(App\Controllers\Produk))
#6 E:\Amikom Kuliah\xampp\htdocs\ci_cart_online\system\CodeIgniter.php(318): CodeIgniter\CodeIgniter->handleRequest(NULL, Object(Config\Cache), false)
#7 E:\Amikom Kuliah\xampp\htdocs\ci_cart_online\public\index.php(37): CodeIgniter\CodeIgniter->run()
#8 {main}
CRITICAL - 2021-12-22 08:31:16 --> There is no data to update.
#0 E:\Amikom Kuliah\xampp\htdocs\ci_cart_online\system\BaseModel.php(1574): CodeIgniter\Database\Exceptions\DataException::forEmptyDataset('update')
#1 E:\Amikom Kuliah\xampp\htdocs\ci_cart_online\system\BaseModel.php(832): CodeIgniter\BaseModel->transformDataToArray(NULL, 'update')
#2 E:\Amikom Kuliah\xampp\htdocs\ci_cart_online\system\Model.php(646): CodeIgniter\BaseModel->update(Array, NULL)
#3 E:\Amikom Kuliah\xampp\htdocs\ci_cart_online\app\Controllers\Produk.php(108): CodeIgniter\Model->update(Array)
#4 E:\Amikom Kuliah\xampp\htdocs\ci_cart_online\system\CodeIgniter.php(824): App\Controllers\Produk->proses_input()
#5 E:\Amikom Kuliah\xampp\htdocs\ci_cart_online\system\CodeIgniter.php(410): CodeIgniter\CodeIgniter->runController(Object(App\Controllers\Produk))
#6 E:\Amikom Kuliah\xampp\htdocs\ci_cart_online\system\CodeIgniter.php(318): CodeIgniter\CodeIgniter->handleRequest(NULL, Object(Config\Cache), false)
#7 E:\Amikom Kuliah\xampp\htdocs\ci_cart_online\public\index.php(37): CodeIgniter\CodeIgniter->run()
#8 {main}
CRITICAL - 2021-12-22 08:41:09 --> There is no data to update.
#0 E:\Amikom Kuliah\xampp\htdocs\ci_cart_online\system\BaseModel.php(1574): CodeIgniter\Database\Exceptions\DataException::forEmptyDataset('update')
#1 E:\Amikom Kuliah\xampp\htdocs\ci_cart_online\system\BaseModel.php(832): CodeIgniter\BaseModel->transformDataToArray(NULL, 'update')
#2 E:\Amikom Kuliah\xampp\htdocs\ci_cart_online\system\Model.php(646): CodeIgniter\BaseModel->update(Array, NULL)
#3 E:\Amikom Kuliah\xampp\htdocs\ci_cart_online\app\Controllers\Produk.php(108): CodeIgniter\Model->update(Array)
#4 E:\Amikom Kuliah\xampp\htdocs\ci_cart_online\system\CodeIgniter.php(824): App\Controllers\Produk->proses_input()
#5 E:\Amikom Kuliah\xampp\htdocs\ci_cart_online\system\CodeIgniter.php(410): CodeIgniter\CodeIgniter->runController(Object(App\Controllers\Produk))
#6 E:\Amikom Kuliah\xampp\htdocs\ci_cart_online\system\CodeIgniter.php(318): CodeIgniter\CodeIgniter->handleRequest(NULL, Object(Config\Cache), false)
#7 E:\Amikom Kuliah\xampp\htdocs\ci_cart_online\public\index.php(37): CodeIgniter\CodeIgniter->run()
#8 {main}
CRITICAL - 2021-12-22 08:50:22 --> There is no data to update.
#0 E:\Amikom Kuliah\xampp\htdocs\ci_cart_online\system\BaseModel.php(1574): CodeIgniter\Database\Exceptions\DataException::forEmptyDataset('update')
#1 E:\Amikom Kuliah\xampp\htdocs\ci_cart_online\system\BaseModel.php(832): CodeIgniter\BaseModel->transformDataToArray(NULL, 'update')
#2 E:\Amikom Kuliah\xampp\htdocs\ci_cart_online\system\Model.php(646): CodeIgniter\BaseModel->update(Array, NULL)
#3 E:\Amikom Kuliah\xampp\htdocs\ci_cart_online\app\Controllers\Produk.php(108): CodeIgniter\Model->update(Array)
#4 E:\Amikom Kuliah\xampp\htdocs\ci_cart_online\system\CodeIgniter.php(824): App\Controllers\Produk->proses_input()
#5 E:\Amikom Kuliah\xampp\htdocs\ci_cart_online\system\CodeIgniter.php(410): CodeIgniter\CodeIgniter->runController(Object(App\Controllers\Produk))
#6 E:\Amikom Kuliah\xampp\htdocs\ci_cart_online\system\CodeIgniter.php(318): CodeIgniter\CodeIgniter->handleRequest(NULL, Object(Config\Cache), false)
#7 E:\Amikom Kuliah\xampp\htdocs\ci_cart_online\public\index.php(37): CodeIgniter\CodeIgniter->run()
#8 {main}
CRITICAL - 2021-12-22 10:27:27 --> The framework needs the following extension(s) installed and loaded: GD.
#0 E:\Amikom Kuliah\xampp\htdocs\ci_cart_online\system\Images\Handlers\GDHandler.php(34): CodeIgniter\Exceptions\FrameworkException::forMissingExtension('GD')
#1 E:\Amikom Kuliah\xampp\htdocs\ci_cart_online\system\Config\Services.php(312): CodeIgniter\Images\Handlers\GDHandler->__construct(Object(Config\Images))
#2 E:\Amikom Kuliah\xampp\htdocs\ci_cart_online\system\Config\BaseService.php(248): CodeIgniter\Config\Services::image('gd', Object(Config\Images), false)
#3 E:\Amikom Kuliah\xampp\htdocs\ci_cart_online\system\Config\BaseService.php(189): CodeIgniter\Config\BaseService::__callStatic('image', Array)
#4 E:\Amikom Kuliah\xampp\htdocs\ci_cart_online\system\Config\Services.php(305): CodeIgniter\Config\BaseService::getSharedInstance('image', NULL, NULL)
#5 E:\Amikom Kuliah\xampp\htdocs\ci_cart_online\system\Config\BaseService.php(248): CodeIgniter\Config\Services::image()
#6 E:\Amikom Kuliah\xampp\htdocs\ci_cart_online\app\Controllers\Produk.php(281): CodeIgniter\Config\BaseService::__callStatic('image', Array)
#7 E:\Amikom Kuliah\xampp\htdocs\ci_cart_online\app\Controllers\Produk.php(261): App\Controllers\Produk->watermark_foto('E:\\Amikom Kulia...')
#8 E:\Amikom Kuliah\xampp\htdocs\ci_cart_online\app\Controllers\Produk.php(105): App\Controllers\Produk->upload_image()
#9 E:\Amikom Kuliah\xampp\htdocs\ci_cart_online\system\CodeIgniter.php(824): App\Controllers\Produk->proses_input()
#10 E:\Amikom Kuliah\xampp\htdocs\ci_cart_online\system\CodeIgniter.php(410): CodeIgniter\CodeIgniter->runController(Object(App\Controllers\Produk))
#11 E:\Amikom Kuliah\xampp\htdocs\ci_cart_online\system\CodeIgniter.php(318): CodeIgniter\CodeIgniter->handleRequest(NULL, Object(Config\Cache), false)
#12 E:\Amikom Kuliah\xampp\htdocs\ci_cart_online\public\index.php(37): CodeIgniter\CodeIgniter->run()
#13 {main}
CRITICAL - 2021-12-22 10:27:52 --> The framework needs the following extension(s) installed and loaded: GD.
#0 E:\Amikom Kuliah\xampp\htdocs\ci_cart_online\system\Images\Handlers\GDHandler.php(34): CodeIgniter\Exceptions\FrameworkException::forMissingExtension('GD')
#1 E:\Amikom Kuliah\xampp\htdocs\ci_cart_online\system\Config\Services.php(312): CodeIgniter\Images\Handlers\GDHandler->__construct(Object(Config\Images))
#2 E:\Amikom Kuliah\xampp\htdocs\ci_cart_online\system\Config\BaseService.php(248): CodeIgniter\Config\Services::image('gd', Object(Config\Images), false)
#3 E:\Amikom Kuliah\xampp\htdocs\ci_cart_online\system\Config\BaseService.php(189): CodeIgniter\Config\BaseService::__callStatic('image', Array)
#4 E:\Amikom Kuliah\xampp\htdocs\ci_cart_online\system\Config\Services.php(305): CodeIgniter\Config\BaseService::getSharedInstance('image', NULL, NULL)
#5 E:\Amikom Kuliah\xampp\htdocs\ci_cart_online\system\Config\BaseService.php(248): CodeIgniter\Config\Services::image()
#6 E:\Amikom Kuliah\xampp\htdocs\ci_cart_online\app\Controllers\Produk.php(281): CodeIgniter\Config\BaseService::__callStatic('image', Array)
#7 E:\Amikom Kuliah\xampp\htdocs\ci_cart_online\app\Controllers\Produk.php(261): App\Controllers\Produk->watermark_foto('E:\\Amikom Kulia...')
#8 E:\Amikom Kuliah\xampp\htdocs\ci_cart_online\app\Controllers\Produk.php(105): App\Controllers\Produk->upload_image()
#9 E:\Amikom Kuliah\xampp\htdocs\ci_cart_online\system\CodeIgniter.php(824): App\Controllers\Produk->proses_input()
#10 E:\Amikom Kuliah\xampp\htdocs\ci_cart_online\system\CodeIgniter.php(410): CodeIgniter\CodeIgniter->runController(Object(App\Controllers\Produk))
#11 E:\Amikom Kuliah\xampp\htdocs\ci_cart_online\system\CodeIgniter.php(318): CodeIgniter\CodeIgniter->handleRequest(NULL, Object(Config\Cache), false)
#12 E:\Amikom Kuliah\xampp\htdocs\ci_cart_online\public\index.php(37): CodeIgniter\CodeIgniter->run()
#13 {main}
CRITICAL - 2021-12-22 10:28:21 --> The framework needs the following extension(s) installed and loaded: GD.
#0 E:\Amikom Kuliah\xampp\htdocs\ci_cart_online\system\Images\Handlers\GDHandler.php(34): CodeIgniter\Exceptions\FrameworkException::forMissingExtension('GD')
#1 E:\Amikom Kuliah\xampp\htdocs\ci_cart_online\system\Config\Services.php(312): CodeIgniter\Images\Handlers\GDHandler->__construct(Object(Config\Images))
#2 E:\Amikom Kuliah\xampp\htdocs\ci_cart_online\system\Config\BaseService.php(248): CodeIgniter\Config\Services::image('gd', Object(Config\Images), false)
#3 E:\Amikom Kuliah\xampp\htdocs\ci_cart_online\system\Config\BaseService.php(189): CodeIgniter\Config\BaseService::__callStatic('image', Array)
#4 E:\Amikom Kuliah\xampp\htdocs\ci_cart_online\system\Config\Services.php(305): CodeIgniter\Config\BaseService::getSharedInstance('image', NULL, NULL)
#5 E:\Amikom Kuliah\xampp\htdocs\ci_cart_online\system\Config\BaseService.php(248): CodeIgniter\Config\Services::image()
#6 E:\Amikom Kuliah\xampp\htdocs\ci_cart_online\app\Controllers\Produk.php(281): CodeIgniter\Config\BaseService::__callStatic('image', Array)
#7 E:\Amikom Kuliah\xampp\htdocs\ci_cart_online\app\Controllers\Produk.php(261): App\Controllers\Produk->watermark_foto('E:\\Amikom Kulia...')
#8 E:\Amikom Kuliah\xampp\htdocs\ci_cart_online\app\Controllers\Produk.php(105): App\Controllers\Produk->upload_image()
#9 E:\Amikom Kuliah\xampp\htdocs\ci_cart_online\system\CodeIgniter.php(824): App\Controllers\Produk->proses_input()
#10 E:\Amikom Kuliah\xampp\htdocs\ci_cart_online\system\CodeIgniter.php(410): CodeIgniter\CodeIgniter->runController(Object(App\Controllers\Produk))
#11 E:\Amikom Kuliah\xampp\htdocs\ci_cart_online\system\CodeIgniter.php(318): CodeIgniter\CodeIgniter->handleRequest(NULL, Object(Config\Cache), false)
#12 E:\Amikom Kuliah\xampp\htdocs\ci_cart_online\public\index.php(37): CodeIgniter\CodeIgniter->run()
#13 {main}
CRITICAL - 2021-12-22 10:29:36 --> The framework needs the following extension(s) installed and loaded: GD.
#0 E:\Amikom Kuliah\xampp\htdocs\ci_cart_online\system\Images\Handlers\GDHandler.php(34): CodeIgniter\Exceptions\FrameworkException::forMissingExtension('GD')
#1 E:\Amikom Kuliah\xampp\htdocs\ci_cart_online\system\Config\Services.php(312): CodeIgniter\Images\Handlers\GDHandler->__construct(Object(Config\Images))
#2 E:\Amikom Kuliah\xampp\htdocs\ci_cart_online\system\Config\BaseService.php(248): CodeIgniter\Config\Services::image('gd', Object(Config\Images), false)
#3 E:\Amikom Kuliah\xampp\htdocs\ci_cart_online\system\Config\BaseService.php(189): CodeIgniter\Config\BaseService::__callStatic('image', Array)
#4 E:\Amikom Kuliah\xampp\htdocs\ci_cart_online\system\Config\Services.php(305): CodeIgniter\Config\BaseService::getSharedInstance('image', NULL, NULL)
#5 E:\Amikom Kuliah\xampp\htdocs\ci_cart_online\system\Config\BaseService.php(248): CodeIgniter\Config\Services::image()
#6 E:\Amikom Kuliah\xampp\htdocs\ci_cart_online\app\Controllers\Produk.php(281): CodeIgniter\Config\BaseService::__callStatic('image', Array)
#7 E:\Amikom Kuliah\xampp\htdocs\ci_cart_online\app\Controllers\Produk.php(261): App\Controllers\Produk->watermark_foto('E:\\Amikom Kulia...')
#8 E:\Amikom Kuliah\xampp\htdocs\ci_cart_online\app\Controllers\Produk.php(105): App\Controllers\Produk->upload_image()
#9 E:\Amikom Kuliah\xampp\htdocs\ci_cart_online\system\CodeIgniter.php(824): App\Controllers\Produk->proses_input()
#10 E:\Amikom Kuliah\xampp\htdocs\ci_cart_online\system\CodeIgniter.php(410): CodeIgniter\CodeIgniter->runController(Object(App\Controllers\Produk))
#11 E:\Amikom Kuliah\xampp\htdocs\ci_cart_online\system\CodeIgniter.php(318): CodeIgniter\CodeIgniter->handleRequest(NULL, Object(Config\Cache), false)
#12 E:\Amikom Kuliah\xampp\htdocs\ci_cart_online\public\index.php(37): CodeIgniter\CodeIgniter->run()
#13 {main}
CRITICAL - 2021-12-22 10:29:53 --> The framework needs the following extension(s) installed and loaded: GD.
#0 E:\Amikom Kuliah\xampp\htdocs\ci_cart_online\system\Images\Handlers\GDHandler.php(34): CodeIgniter\Exceptions\FrameworkException::forMissingExtension('GD')
#1 E:\Amikom Kuliah\xampp\htdocs\ci_cart_online\system\Config\Services.php(312): CodeIgniter\Images\Handlers\GDHandler->__construct(Object(Config\Images))
#2 E:\Amikom Kuliah\xampp\htdocs\ci_cart_online\system\Config\BaseService.php(248): CodeIgniter\Config\Services::image('gd', Object(Config\Images), false)
#3 E:\Amikom Kuliah\xampp\htdocs\ci_cart_online\system\Config\BaseService.php(189): CodeIgniter\Config\BaseService::__callStatic('image', Array)
#4 E:\Amikom Kuliah\xampp\htdocs\ci_cart_online\system\Config\Services.php(305): CodeIgniter\Config\BaseService::getSharedInstance('image', NULL, NULL)
#5 E:\Amikom Kuliah\xampp\htdocs\ci_cart_online\system\Config\BaseService.php(248): CodeIgniter\Config\Services::image()
#6 E:\Amikom Kuliah\xampp\htdocs\ci_cart_online\app\Controllers\Produk.php(275): CodeIgniter\Config\BaseService::__callStatic('image', Array)
#7 E:\Amikom Kuliah\xampp\htdocs\ci_cart_online\app\Controllers\Produk.php(257): App\Controllers\Produk->watermark_foto('E:\\Amikom Kulia...')
#8 E:\Amikom Kuliah\xampp\htdocs\ci_cart_online\app\Controllers\Produk.php(105): App\Controllers\Produk->upload_image()
#9 E:\Amikom Kuliah\xampp\htdocs\ci_cart_online\system\CodeIgniter.php(824): App\Controllers\Produk->proses_input()
#10 E:\Amikom Kuliah\xampp\htdocs\ci_cart_online\system\CodeIgniter.php(410): CodeIgniter\CodeIgniter->runController(Object(App\Controllers\Produk))
#11 E:\Amikom Kuliah\xampp\htdocs\ci_cart_online\system\CodeIgniter.php(318): CodeIgniter\CodeIgniter->handleRequest(NULL, Object(Config\Cache), false)
#12 E:\Amikom Kuliah\xampp\htdocs\ci_cart_online\public\index.php(37): CodeIgniter\CodeIgniter->run()
#13 {main}
CRITICAL - 2021-12-22 10:32:57 --> The framework needs the following extension(s) installed and loaded: GD.
#0 E:\Amikom Kuliah\xampp\htdocs\ci_cart_online\system\Images\Handlers\GDHandler.php(34): CodeIgniter\Exceptions\FrameworkException::forMissingExtension('GD')
#1 E:\Amikom Kuliah\xampp\htdocs\ci_cart_online\system\Config\Services.php(312): CodeIgniter\Images\Handlers\GDHandler->__construct(Object(Config\Images))
#2 E:\Amikom Kuliah\xampp\htdocs\ci_cart_online\system\Config\BaseService.php(248): CodeIgniter\Config\Services::image('gd', Object(Config\Images), false)
#3 E:\Amikom Kuliah\xampp\htdocs\ci_cart_online\system\Config\BaseService.php(189): CodeIgniter\Config\BaseService::__callStatic('image', Array)
#4 E:\Amikom Kuliah\xampp\htdocs\ci_cart_online\system\Config\Services.php(305): CodeIgniter\Config\BaseService::getSharedInstance('image', NULL, NULL)
#5 E:\Amikom Kuliah\xampp\htdocs\ci_cart_online\system\Config\BaseService.php(248): CodeIgniter\Config\Services::image()
#6 E:\Amikom Kuliah\xampp\htdocs\ci_cart_online\app\Controllers\Produk.php(276): CodeIgniter\Config\BaseService::__callStatic('image', Array)
#7 E:\Amikom Kuliah\xampp\htdocs\ci_cart_online\app\Controllers\Produk.php(257): App\Controllers\Produk->watermark_foto('E:\\Amikom Kulia...')
#8 E:\Amikom Kuliah\xampp\htdocs\ci_cart_online\app\Controllers\Produk.php(105): App\Controllers\Produk->upload_image()
#9 E:\Amikom Kuliah\xampp\htdocs\ci_cart_online\system\CodeIgniter.php(824): App\Controllers\Produk->proses_input()
#10 E:\Amikom Kuliah\xampp\htdocs\ci_cart_online\system\CodeIgniter.php(410): CodeIgniter\CodeIgniter->runController(Object(App\Controllers\Produk))
#11 E:\Amikom Kuliah\xampp\htdocs\ci_cart_online\system\CodeIgniter.php(318): CodeIgniter\CodeIgniter->handleRequest(NULL, Object(Config\Cache), false)
#12 E:\Amikom Kuliah\xampp\htdocs\ci_cart_online\public\index.php(37): CodeIgniter\CodeIgniter->run()
#13 {main}
CRITICAL - 2021-12-22 10:33:12 --> The framework needs the following extension(s) installed and loaded: GD.
#0 E:\Amikom Kuliah\xampp\htdocs\ci_cart_online\system\Images\Handlers\GDHandler.php(34): CodeIgniter\Exceptions\FrameworkException::forMissingExtension('GD')
#1 E:\Amikom Kuliah\xampp\htdocs\ci_cart_online\system\Config\Services.php(312): CodeIgniter\Images\Handlers\GDHandler->__construct(Object(Config\Images))
#2 E:\Amikom Kuliah\xampp\htdocs\ci_cart_online\system\Config\BaseService.php(248): CodeIgniter\Config\Services::image('gd', Object(Config\Images), false)
#3 E:\Amikom Kuliah\xampp\htdocs\ci_cart_online\system\Config\BaseService.php(189): CodeIgniter\Config\BaseService::__callStatic('image', Array)
#4 E:\Amikom Kuliah\xampp\htdocs\ci_cart_online\system\Config\Services.php(305): CodeIgniter\Config\BaseService::getSharedInstance('image', NULL, NULL)
#5 E:\Amikom Kuliah\xampp\htdocs\ci_cart_online\system\Config\BaseService.php(248): CodeIgniter\Config\Services::image()
#6 E:\Amikom Kuliah\xampp\htdocs\ci_cart_online\app\Controllers\Produk.php(276): CodeIgniter\Config\BaseService::__callStatic('image', Array)
#7 E:\Amikom Kuliah\xampp\htdocs\ci_cart_online\app\Controllers\Produk.php(257): App\Controllers\Produk->watermark_foto('E:\\Amikom Kulia...')
#8 E:\Amikom Kuliah\xampp\htdocs\ci_cart_online\app\Controllers\Produk.php(105): App\Controllers\Produk->upload_image()
#9 E:\Amikom Kuliah\xampp\htdocs\ci_cart_online\system\CodeIgniter.php(824): App\Controllers\Produk->proses_input()
#10 E:\Amikom Kuliah\xampp\htdocs\ci_cart_online\system\CodeIgniter.php(410): CodeIgniter\CodeIgniter->runController(Object(App\Controllers\Produk))
#11 E:\Amikom Kuliah\xampp\htdocs\ci_cart_online\system\CodeIgniter.php(318): CodeIgniter\CodeIgniter->handleRequest(NULL, Object(Config\Cache), false)
#12 E:\Amikom Kuliah\xampp\htdocs\ci_cart_online\public\index.php(37): CodeIgniter\CodeIgniter->run()
#13 {main}
